<?xml version="1.0" encoding="UTF-8"?>
<!-- Generated by org.testng.reporters.JUnitXMLReporter -->
<testsuite hostname="FIS-210" ignored="0" name="MainTest" tests="2" failures="0" timestamp="19 Sep 2020 12:37:15 GMT" time="113.451" errors="0">
  <testcase name="ManageAccountTypeProfileDetails" time="5.398" classname="fawry.sofAutomation.testsActions.lookupDefinitions.ManageAccountTypeProfileTest"/>
  <testcase name="ManageAccountTypeProfileDetails" time="1.346" classname="fawry.sofAutomation.testsActions.lookupDefinitions.ManageAccountTypeProfileTest"/>
</testsuite> <!-- MainTest -->
